<?xml version="1.0" encoding="UTF-8"?>
<testng-results ignored="0" total="1" passed="1" failed="0" skipped="0">
  <reporter-output>
  </reporter-output>
  <suite started-at="2022-09-22T10:47:57 CDT" name="Default suite" finished-at="2022-09-22T10:48:15 CDT" duration-ms="17790">
    <groups>
      <group name="cucumber">
        <method signature="AbstractTestNGCucumberTests.runScenario(io.cucumber.testng.PickleWrapper,io.cucumber.testng.FeatureWrapper)[pri:0, instance:com.sdet.lms.testrunner.TestRunner@5ddf0d24]" name="runScenario" class="io.cucumber.testng.AbstractTestNGCucumberTests"/>
      </group> <!-- cucumber -->
    </groups>
    <test started-at="2022-09-22T10:47:57 CDT" name="Default test" finished-at="2022-09-22T10:48:15 CDT" duration-ms="17790">
      <class name="com.sdet.lms.testrunner.TestRunner">
        <test-method is-config="true" signature="setUpClass(org.testng.ITestContext)[pri:0, instance:com.sdet.lms.testrunner.TestRunner@5ddf0d24]" started-at="2022-09-22T10:47:57 CDT" name="setUpClass" finished-at="2022-09-22T10:47:58 CDT" duration-ms="986" status="PASS">
          <params>
            <param index="0">
              <value>
                <![CDATA[org.testng.TestRunner@4dd2ef54]]>
              </value>
            </param>
          </params>
          <reporter-output>
          </reporter-output>
        </test-method> <!-- setUpClass -->
        <test-method signature="runScenario(io.cucumber.testng.PickleWrapper,io.cucumber.testng.FeatureWrapper)[pri:0, instance:com.sdet.lms.testrunner.TestRunner@5ddf0d24]" started-at="2022-09-22T10:47:58 CDT" name="runScenario" description="Runs Cucumber Scenarios" data-provider="scenarios" finished-at="2022-09-22T10:48:15 CDT" duration-ms="16530" status="PASS">
          <params>
            <param index="0">
              <value>
                <![CDATA["Verify landing in Manage user page"]]>
              </value>
            </param>
            <param index="1">
              <value>
                <![CDATA["Validating Manage user page"]]>
              </value>
            </param>
          </params>
          <reporter-output>
          </reporter-output>
        </test-method> <!-- runScenario -->
        <test-method is-config="true" signature="tearDownClass()[pri:0, instance:com.sdet.lms.testrunner.TestRunner@5ddf0d24]" started-at="2022-09-22T10:48:15 CDT" name="tearDownClass" finished-at="2022-09-22T10:48:15 CDT" duration-ms="58" status="PASS">
          <reporter-output>
          </reporter-output>
        </test-method> <!-- tearDownClass -->
      </class> <!-- com.sdet.lms.testrunner.TestRunner -->
    </test> <!-- Default test -->
  </suite> <!-- Default suite -->
</testng-results>
