<?xml version="1.0" encoding="UTF-8"?>
<testng-results ignored="0" total="1" passed="1" failed="0" skipped="0">
  <reporter-output>
  </reporter-output>
  <suite started-at="2022-09-21T09:53:50 PDT" name="Default suite" finished-at="2022-09-21T09:53:59 PDT" duration-ms="9232">
    <groups>
    </groups>
    <test started-at="2022-09-21T09:53:50 PDT" name="Default test" finished-at="2022-09-21T09:53:59 PDT" duration-ms="9232">
      <class name="com.sdet.lms.pageobjects.Program">
        <test-method is-config="true" signature="setup()[pri:0, instance:com.sdet.lms.pageobjects.Program@6f01b95f]" started-at="2022-09-21T09:53:50 PDT" name="setup" finished-at="2022-09-21T09:53:59 PDT" duration-ms="9009" status="PASS">
          <reporter-output>
          </reporter-output>
        </test-method> <!-- setup -->
        <test-method signature="test()[pri:0, instance:com.sdet.lms.pageobjects.Program@6f01b95f]" started-at="2022-09-21T09:53:59 PDT" name="test" finished-at="2022-09-21T09:53:59 PDT" duration-ms="59" status="PASS">
          <reporter-output>
          </reporter-output>
        </test-method> <!-- test -->
      </class> <!-- com.sdet.lms.pageobjects.Program -->
    </test> <!-- Default test -->
  </suite> <!-- Default suite -->
</testng-results>
